C:\USERS\OLEH\DESKTOP\RSAARGDLL\RSAARGDLL\DEBUG\VC110.PDB
C:\USERS\OLEH\DOCUMENTS\GITHUB\RSAARGDLL\RSAARGDLL\DEBUG\VC110.PDB
C:\USERS\OLEH\DOCUMENTS\GITHUB\RSAARGDLL\RSAARGDLL\DEBUG\MAIN.OBJ
C:\USERS\OLEH\DOCUMENTS\GITHUB\RSA\RSAARGDLL\RSAARGDLL\DEBUG\VC110.PDB
C:\USERS\OLEH\DOCUMENTS\GITHUB\RSA\RSAARGDLL\RSAARGDLL\DEBUG\MAIN.OBJ
C:\USERS\OLEH\DOCUMENTS\GITHUB\RSAARGDLL\DEBUG\RSAARGDLL.ILK
C:\USERS\OLEH\DOCUMENTS\GITHUB\RSAARGDLL\DEBUG\RSAARGDLL.DLL
C:\USERS\OLEH\DOCUMENTS\GITHUB\RSAARGDLL\DEBUG\RSAARGDLL.PDB
C:\USERS\OLEH\DOCUMENTS\GITHUB\RSA\DEBUG\RSAARGDLL.ILK
C:\USERS\OLEH\DOCUMENTS\GITHUB\RSA\DEBUG\RSAARGDLL.DLL
C:\USERS\OLEH\DOCUMENTS\GITHUB\RSA\DEBUG\RSAARGDLL.PDB
C:\Users\Oleh\Documents\GitHub\RSAArgDLL\Debug\RSAArgDLL.lib
C:\Users\Oleh\Documents\GitHub\RSAArgDLL\Debug\RSAArgDLL.exp
C:\Users\Oleh\Documents\GitHub\RSA\Debug\RSAArgDLL.lib
C:\Users\Oleh\Documents\GitHub\RSA\Debug\RSAArgDLL.exp
C:\Users\Oleh\Documents\GitHub\RSA\RSAArgDLL\RSAArgDLL\Debug\main.obj
C:\Users\Oleh\Documents\GitHub\RSA\RSAArgDLL\RSAArgDLL\Debug\cl.command.1.tlog
C:\Users\Oleh\Documents\GitHub\RSA\RSAArgDLL\RSAArgDLL\Debug\CL.read.1.tlog
C:\Users\Oleh\Documents\GitHub\RSA\RSAArgDLL\RSAArgDLL\Debug\CL.write.1.tlog
C:\Users\Oleh\Documents\GitHub\RSA\RSAArgDLL\RSAArgDLL\Debug\link-cvtres.read.1.tlog
C:\Users\Oleh\Documents\GitHub\RSA\RSAArgDLL\RSAArgDLL\Debug\link-cvtres.write.1.tlog
C:\Users\Oleh\Documents\GitHub\RSA\RSAArgDLL\RSAArgDLL\Debug\link-rc.read.1.tlog
C:\Users\Oleh\Documents\GitHub\RSA\RSAArgDLL\RSAArgDLL\Debug\link-rc.write.1.tlog
C:\Users\Oleh\Documents\GitHub\RSA\RSAArgDLL\RSAArgDLL\Debug\link.command.1.tlog
C:\Users\Oleh\Documents\GitHub\RSA\RSAArgDLL\RSAArgDLL\Debug\link.read.1.tlog
C:\Users\Oleh\Documents\GitHub\RSA\RSAArgDLL\RSAArgDLL\Debug\link.write.1.tlog
C:\Users\Oleh\Documents\GitHub\RSA\RSAArgDLL\RSAArgDLL\Debug\RSAArgDLL.write.1.tlog
C:\Users\Oleh\Documents\GitHub\RSA\RSAArgDLL\RSAArgDLL\Debug\vc110.idb
C:\Users\Oleh\Documents\GitHub\RSA\RSAArgDLL\RSAArgDLL\Debug\vc110.pdb
C:\Users\Oleh\Documents\GitHub\RSA\Debug\RSA_DLL.pdb
