C:\USERS\OLEH\DOCUMENTS\PROJECTS\VS2012\RSAARGDLL\RSAARGDLL\DEBUG\MAIN.OBJ
C:\USERS\OLEH\DOCUMENTS\PROJECTS\VS2012\RSAARGDLL\RSAARGDLL\DEBUG\VC110.PDB
C:\USERS\OLEH\DESKTOP\RSAARGDLL\RSAARGDLL\DEBUG\VC110.PDB
C:\USERS\OLEH\DOCUMENTS\PROJECTS\VS2012\RSAARGDLL\DEBUG\RSAARGDLL.ILK
C:\USERS\OLEH\DOCUMENTS\PROJECTS\VS2012\RSAARGDLL\DEBUG\RSAARGDLL.DLL
C:\USERS\OLEH\DOCUMENTS\PROJECTS\VS2012\RSAARGDLL\DEBUG\RSAARGDLL.PDB
C:\Users\Oleh\Documents\Projects\VS2012\RSAArgDLL\Debug\RSAArgDLL.lib
C:\Users\Oleh\Documents\Projects\VS2012\RSAArgDLL\Debug\RSAArgDLL.exp
C:\Users\Oleh\Desktop\RSAArgDLL\RSAArgDLL\Debug\cl.command.1.tlog
C:\Users\Oleh\Desktop\RSAArgDLL\RSAArgDLL\Debug\CL.read.1.tlog
C:\Users\Oleh\Desktop\RSAArgDLL\RSAArgDLL\Debug\CL.write.1.tlog
C:\Users\Oleh\Desktop\RSAArgDLL\RSAArgDLL\Debug\link-cvtres.read.1.tlog
C:\Users\Oleh\Desktop\RSAArgDLL\RSAArgDLL\Debug\link-cvtres.write.1.tlog
C:\Users\Oleh\Desktop\RSAArgDLL\RSAArgDLL\Debug\link-rc.read.1.tlog
C:\Users\Oleh\Desktop\RSAArgDLL\RSAArgDLL\Debug\link-rc.write.1.tlog
C:\Users\Oleh\Desktop\RSAArgDLL\RSAArgDLL\Debug\link.command.1.tlog
C:\Users\Oleh\Desktop\RSAArgDLL\RSAArgDLL\Debug\link.read.1.tlog
C:\Users\Oleh\Desktop\RSAArgDLL\RSAArgDLL\Debug\link.write.1.tlog
C:\Users\Oleh\Desktop\RSAArgDLL\RSAArgDLL\Debug\RSAArgDLL.write.1.tlog
C:\Users\Oleh\Desktop\RSAArgDLL\RSAArgDLL\Debug\vc110.idb
C:\Users\Oleh\Desktop\RSAArgDLL\RSAArgDLL\Debug\vc110.pdb
C:\Users\Oleh\Desktop\RSAArgDLL\Debug\RSAArgDLL.pdb
C:\Users\Oleh\Desktop\RSAArgDLL\Debug\RSAArgDLL.dll
C:\Users\Oleh\Desktop\RSAArgDLL\Debug\RSAArgDLL.ilk
