Build started 18.02.2015 0:05:01.
     1>Project "C:\Users\Oleh\Documents\GitHub\RSA\RSAArgDLL\RSAArgDLL\RSAArgDLL.vcxproj" on node 2 (Rebuild target(s)).
     1>ClCompile:
         C:\Program Files (x86)\Microsoft Visual Studio 11.0\VC\bin\CL.exe /c /ZI /nologo /W3 /WX- /Od /Oy- /D WIN32 /D _DEBUG /D _WINDOWS /D _USRDLL /D RSAARGDLL_EXPORTS /D _WINDLL /D _UNICODE /D UNICODE /Gm /EHsc /RTC1 /MDd /GS /fp:precise /Zc:wchar_t /Zc:forScope /Fo"Debug\\" /Fd"Debug\vc110.pdb" /Gd /TP /analyze- /errorReport:prompt main.cpp
         main.cpp
     1>c:\users\oleh\documents\github\rsa\rsa\longint.cpp(90): warning C4244: 'argument' : conversion from 'time_t' to 'unsigned int', possible loss of data
     1>c:\users\oleh\documents\github\rsa\rsa\longint.cpp(332): warning C4172: returning address of local variable or temporary
     1>c:\users\oleh\documents\github\rsa\rsa\longint.cpp(501): warning C4172: returning address of local variable or temporary
     1>c:\users\oleh\documents\github\rsa\rsa\longint.cpp(506): warning C4172: returning address of local variable or temporary
     1>c:\users\oleh\documents\github\rsa\rsa\longint.cpp(692): warning C4244: '+=' : conversion from 'double' to 'int', possible loss of data
     1>c:\users\oleh\documents\github\rsa\rsa\longint.cpp(845): warning C4018: '<' : signed/unsigned mismatch
     1>c:\users\oleh\documents\github\rsa\rsa\longint.cpp(955): warning C4018: '>=' : signed/unsigned mismatch
     1>c:\users\oleh\documents\github\rsa\rsa\longint.cpp(963): warning C4018: '>=' : signed/unsigned mismatch
     1>c:\users\oleh\documents\github\rsa\rsa\longint.cpp(979): warning C4018: '>=' : signed/unsigned mismatch
     1>c:\users\oleh\documents\github\rsa\rsa\longint.cpp(1065): warning C4018: '<' : signed/unsigned mismatch
     1>c:\users\oleh\documents\github\rsa\rsa\rsa.cpp(131): warning C4018: '<' : signed/unsigned mismatch
     1>c:\users\oleh\documents\github\rsa\rsa\rsa.cpp(168): warning C4018: '<' : signed/unsigned mismatch
     1>c:\users\oleh\documents\github\rsa\rsa\rsa.cpp(168): warning C4018: '>' : signed/unsigned mismatch
     1>c:\users\oleh\documents\github\rsa\rsa\rsa.cpp(190): warning C4018: '<' : signed/unsigned mismatch
     1>c:\users\oleh\documents\github\rsa\rsa\rsa.cpp(218): warning C4244: '+=' : conversion from 'double' to 'int', possible loss of data
     1>c:\users\oleh\documents\github\rsa\rsa\md5.cpp(307): warning C4996: 'sprintf': This function or variable may be unsafe. Consider using sprintf_s instead. To disable deprecation, use _CRT_SECURE_NO_WARNINGS. See online help for details.
                 c:\program files (x86)\microsoft visual studio 11.0\vc\include\stdio.h(357) : see declaration of 'sprintf'
     1>c:\users\oleh\documents\github\rsa\rsa\sha1.cpp(56): warning C4309: 'argument' : truncation of constant value
     1>c:\users\oleh\documents\github\rsa\rsa\sha1.cpp(76): warning C4244: '=' : conversion from 'SHA1::uint64' to 'SHA1::uint32', possible loss of data
     1>c:\users\oleh\documents\github\rsa\rsa\sha1.cpp(244): warning C4244: 'argument' : conversion from 'std::streamsize' to 'unsigned int', possible loss of data
     1>c:\users\oleh\documents\github\rsa\rsa\longint.cpp(414): warning C4715: 'LongInt::operator>' : not all control paths return a value
       Link:
         C:\Program Files (x86)\Microsoft Visual Studio 11.0\VC\bin\link.exe /ERRORREPORT:PROMPT /OUT:"C:\Users\Oleh\Documents\GitHub\RSA\Debug\RSA_DLL.dll" /INCREMENTAL /NOLOGO kernel32.lib user32.lib gdi32.lib winspool.lib comdlg32.lib advapi32.lib shell32.lib ole32.lib oleaut32.lib uuid.lib odbc32.lib odbccp32.lib /MANIFEST /MANIFESTUAC:"level='asInvoker' uiAccess='false'" /manifest:embed /DEBUG /PDB:"C:\Users\Oleh\Documents\GitHub\RSA\Debug\RSA_DLL.pdb" /SUBSYSTEM:WINDOWS /TLBID:1 /DYNAMICBASE /NXCOMPAT /IMPLIB:"C:\Users\Oleh\Documents\GitHub\RSA\Debug\RSA_DLL.lib" /MACHINE:X86 /DLL Debug\main.obj
            Creating library C:\Users\Oleh\Documents\GitHub\RSA\Debug\RSA_DLL.lib and object C:\Users\Oleh\Documents\GitHub\RSA\Debug\RSA_DLL.exp
         RSAArgDLL.vcxproj -> C:\Users\Oleh\Documents\GitHub\RSA\Debug\RSA_DLL.dll
     1>Done Building Project "C:\Users\Oleh\Documents\GitHub\RSA\RSAArgDLL\RSAArgDLL\RSAArgDLL.vcxproj" (Rebuild target(s)).

Build succeeded.

Time Elapsed 00:00:01.75
