Build started 16.02.2015 20:48:27.
     1>Project "C:\Users\Oleh\Documents\GitHub\RSA\RSA\RSA.vcxproj" on node 2 (Build target(s)).
     1>ClCompile:
         C:\Program Files (x86)\Microsoft Visual Studio 11.0\VC\bin\CL.exe /c /ZI /nologo /W3 /WX- /Od /Oy- /D _MBCS /Gm /EHsc /RTC1 /MDd /GS /fp:precise /Zc:wchar_t /Zc:forScope /Fo"Debug\\" /Fd"Debug\vc110.pdb" /Gd /TP /analyze- /errorReport:prompt LongInt.cpp RSA.cpp main.cpp
         LongInt.cpp
     1>c:\users\oleh\documents\github\rsa\rsa\longint.cpp(90): warning C4244: 'argument' : conversion from 'time_t' to 'unsigned int', possible loss of data
     1>c:\users\oleh\documents\github\rsa\rsa\longint.cpp(332): warning C4172: returning address of local variable or temporary
     1>c:\users\oleh\documents\github\rsa\rsa\longint.cpp(501): warning C4172: returning address of local variable or temporary
     1>c:\users\oleh\documents\github\rsa\rsa\longint.cpp(506): warning C4172: returning address of local variable or temporary
     1>c:\users\oleh\documents\github\rsa\rsa\longint.cpp(692): warning C4244: '+=' : conversion from 'double' to 'int', possible loss of data
     1>c:\users\oleh\documents\github\rsa\rsa\longint.cpp(845): warning C4018: '<' : signed/unsigned mismatch
     1>c:\users\oleh\documents\github\rsa\rsa\longint.cpp(955): warning C4018: '>=' : signed/unsigned mismatch
     1>c:\users\oleh\documents\github\rsa\rsa\longint.cpp(963): warning C4018: '>=' : signed/unsigned mismatch
     1>c:\users\oleh\documents\github\rsa\rsa\longint.cpp(979): warning C4018: '>=' : signed/unsigned mismatch
     1>c:\users\oleh\documents\github\rsa\rsa\longint.cpp(1065): warning C4018: '<' : signed/unsigned mismatch
         Generating Code...
     1>c:\users\oleh\documents\github\rsa\rsa\longint.cpp(414): warning C4715: 'LongInt::operator>' : not all control paths return a value
         Skipping... (no relevant changes detected)
         main.cpp
         RSA.cpp
       Link:
         C:\Program Files (x86)\Microsoft Visual Studio 11.0\VC\bin\link.exe /ERRORREPORT:PROMPT /OUT:"C:\Users\Oleh\Documents\GitHub\RSA\Debug\RSA.exe" /INCREMENTAL /NOLOGO kernel32.lib user32.lib gdi32.lib winspool.lib comdlg32.lib advapi32.lib shell32.lib ole32.lib oleaut32.lib uuid.lib odbc32.lib odbccp32.lib /MANIFEST /MANIFESTUAC:"level='asInvoker' uiAccess='false'" /manifest:embed /DEBUG /PDB:"C:\Users\Oleh\Documents\GitHub\RSA\Debug\RSA.pdb" /TLBID:1 /DYNAMICBASE /NXCOMPAT /IMPLIB:"C:\Users\Oleh\Documents\GitHub\RSA\Debug\RSA.lib" /MACHINE:X86 Debug\LongInt.obj
         Debug\main.obj
         Debug\md5.obj
         Debug\RSA.obj
         Debug\sha1.obj
         RSA.vcxproj -> C:\Users\Oleh\Documents\GitHub\RSA\Debug\RSA.exe
     1>Done Building Project "C:\Users\Oleh\Documents\GitHub\RSA\RSA\RSA.vcxproj" (Build target(s)).

Build succeeded.

Time Elapsed 00:00:01.71
