c:\users\oleh\documents\github\rsa\rsa\debug\longint.obj
c:\users\oleh\documents\github\rsa\rsa\debug\main.obj
c:\users\oleh\documents\github\rsa\rsa\debug\md5.obj
c:\users\oleh\documents\github\rsa\rsa\debug\rsa.obj
c:\users\oleh\documents\github\rsa\rsa\debug\sha1.obj
c:\users\oleh\documents\github\rsa\rsa\debug\vc110.pdb
c:\users\oleh\documents\github\rsa\debug\rsa.ilk
c:\users\oleh\documents\github\rsa\debug\rsa.exe
c:\users\oleh\documents\github\rsa\debug\rsa.pdb
c:\users\oleh\documents\github\rsa\rsa\debug\vc120.pdb
c:\users\oleh\documents\github\rsa\rsa\debug\vc120.idb
c:\users\oleh\documents\github\rsa\rsa\debug\cl.command.1.tlog
c:\users\oleh\documents\github\rsa\rsa\debug\cl.read.1.tlog
c:\users\oleh\documents\github\rsa\rsa\debug\cl.write.1.tlog
c:\users\oleh\documents\github\rsa\rsa\debug\link-cvtres.read.1.tlog
c:\users\oleh\documents\github\rsa\rsa\debug\link-cvtres.write.1.tlog
c:\users\oleh\documents\github\rsa\rsa\debug\link-rc.read.1.tlog
c:\users\oleh\documents\github\rsa\rsa\debug\link-rc.write.1.tlog
c:\users\oleh\documents\github\rsa\rsa\debug\link.164-cvtres.read.1.tlog
c:\users\oleh\documents\github\rsa\rsa\debug\link.164-cvtres.write.1.tlog
c:\users\oleh\documents\github\rsa\rsa\debug\link.164-rc.read.1.tlog
c:\users\oleh\documents\github\rsa\rsa\debug\link.164-rc.write.1.tlog
c:\users\oleh\documents\github\rsa\rsa\debug\link.164.read.1.tlog
c:\users\oleh\documents\github\rsa\rsa\debug\link.164.write.1.tlog
c:\users\oleh\documents\github\rsa\rsa\debug\link.3544-cvtres.read.1.tlog
c:\users\oleh\documents\github\rsa\rsa\debug\link.3544-cvtres.write.1.tlog
c:\users\oleh\documents\github\rsa\rsa\debug\link.3544-rc.read.1.tlog
c:\users\oleh\documents\github\rsa\rsa\debug\link.3544-rc.write.1.tlog
c:\users\oleh\documents\github\rsa\rsa\debug\link.3544.read.1.tlog
c:\users\oleh\documents\github\rsa\rsa\debug\link.3544.write.1.tlog
c:\users\oleh\documents\github\rsa\rsa\debug\link.4568-cvtres.read.1.tlog
c:\users\oleh\documents\github\rsa\rsa\debug\link.4568-cvtres.write.1.tlog
c:\users\oleh\documents\github\rsa\rsa\debug\link.4568-rc.read.1.tlog
c:\users\oleh\documents\github\rsa\rsa\debug\link.4568-rc.write.1.tlog
c:\users\oleh\documents\github\rsa\rsa\debug\link.4568.read.1.tlog
c:\users\oleh\documents\github\rsa\rsa\debug\link.4568.write.1.tlog
c:\users\oleh\documents\github\rsa\rsa\debug\link.command.1.tlog
c:\users\oleh\documents\github\rsa\rsa\debug\link.read.1.tlog
c:\users\oleh\documents\github\rsa\rsa\debug\link.write.1.tlog
c:\users\oleh\documents\github\rsa\rsa\debug\vc110.idb
c:\users\oleh\documents\github\rsa\rsa\debug\rsa.tlog\cl.command.1.tlog
c:\users\oleh\documents\github\rsa\rsa\debug\rsa.tlog\cl.read.1.tlog
c:\users\oleh\documents\github\rsa\rsa\debug\rsa.tlog\cl.write.1.tlog
c:\users\oleh\documents\github\rsa\rsa\debug\rsa.tlog\link.command.1.tlog
c:\users\oleh\documents\github\rsa\rsa\debug\rsa.tlog\link.read.1.tlog
c:\users\oleh\documents\github\rsa\rsa\debug\rsa.tlog\link.write.1.tlog
